<?xml version="1.0" encoding="UTF-8"?>
<!-- Generated by org.testng.reporters.JUnitReportReporter -->
<testsuite skipped="0" hostname="DESKTOP-8OBLECF" name="com.learnautomation.testcases.LoginTest" tests="1" failures="0" timestamp="2021-03-13T09:04:49 IST" time="5.349" errors="0">
  <testcase name="loginApplication" time="5.349" classname="com.learnautomation.testcases.LoginTest"/>
  <system-out/>
</testsuite> <!-- com.learnautomation.testcases.LoginTest -->
