<?xml version="1.0" encoding="UTF-8"?>
<!-- Generated by org.testng.reporters.JUnitReportReporter -->
<testsuite skipped="0" hostname="DESKTOP-8OBLECF" name="com.learnautomation.unittests.UniTest002_ConfigTest" tests="1" failures="0" timestamp="2021-03-07T08:42:37 IST" time="0.049" errors="0">
  <testcase name="loadConfig" time="0.049" classname="com.learnautomation.unittests.UniTest002_ConfigTest"/>
  <system-out/>
</testsuite> <!-- com.learnautomation.unittests.UniTest002_ConfigTest -->
