<?xml version="1.0" encoding="UTF-8"?>
<!-- Generated by org.testng.reporters.JUnitReportReporter -->
<testsuite skipped="0" hostname="DESKTOP-8OBLECF" name="com.learnautomation.unittests.UnitTest001_BrowserCheck" tests="1" failures="0" timestamp="2021-03-07T08:01:47 IST" time="40.659" errors="0">
  <testcase name="checkBrowser" time="40.659" classname="com.learnautomation.unittests.UnitTest001_BrowserCheck"/>
  <system-out/>
</testsuite> <!-- com.learnautomation.unittests.UnitTest001_BrowserCheck -->
